20220413:10:15:50:000688 gpinitsystem:zruxue-z01:zruxue-[INFO]:-Start Main
20220413:10:15:50:000688 gpinitsystem:zruxue-z01:zruxue-[INFO]:-Command line options passed to utility = -a -c clusterConfigFile -l /home/zruxue/gpdev/GreenplumPython/greenplumpython/datadirs/gpAdminLogs -p clusterConfigPostgresAddonsFile
20220413:10:15:50:000688 gpinitsystem:zruxue-z01:zruxue-[INFO]:-Start Function CHK_GPDB_ID
20220413:10:15:50:000688 gpinitsystem:zruxue-z01:zruxue-[INFO]:-Current user id of zruxue, matches initdb id of zruxue
20220413:10:15:50:000688 gpinitsystem:zruxue-z01:zruxue-[INFO]:-End Function CHK_GPDB_ID
20220413:10:15:50:000688 gpinitsystem:zruxue-z01:zruxue-[INFO]:-Start Function CHK_PARAMS
20220413:10:15:50:000688 gpinitsystem:zruxue-z01:zruxue-[INFO]:-Checking configuration parameters, please wait...
20220413:10:15:50:000688 gpinitsystem:zruxue-z01:zruxue-[INFO]:-Start Function CHK_FILE
20220413:10:15:50:000688 gpinitsystem:zruxue-z01:zruxue-[INFO]:-Checking file clusterConfigFile
20220413:10:15:50:000688 gpinitsystem:zruxue-z01:zruxue-[INFO]:-End Function CHK_FILE
20220413:10:15:50:000688 gpinitsystem:zruxue-z01:zruxue-[INFO]:-Dumping clusterConfigFile to logfile for reference
MACHINE_LIST_FILE=/home/zruxue/gpdev/GreenplumPython/greenplumpython/hostfile
SEG_PREFIX=demoDataDir
PORT_BASE=2
declare -a DATA_DIRECTORY=()
COORDINATOR_HOSTNAME=zruxue-z01
COORDINATOR_DIRECTORY=/home/zruxue/gpdev/GreenplumPython/greenplumpython/datadirs/qddir
COORDINATOR_PORT=
TRUSTED_SHELL="/home/zruxue/gpdev/GreenplumPython/greenplumpython/lalshell"
ENCODING=UNICODE
DEFAULT_QD_MAX_CONNECT=25
QE_CONNECT_FACTOR=5
20220413:10:15:50:000688 gpinitsystem:zruxue-z01:zruxue-[INFO]:-Completed clusterConfigFile dump to logfile
20220413:10:15:50:000688 gpinitsystem:zruxue-z01:zruxue-[INFO]:-Reading Greenplum configuration file clusterConfigFile
20220413:10:15:50:000688 gpinitsystem:zruxue-z01:zruxue-[INFO]:-Start Function ERROR_EXIT
20220413:10:15:50:000688 gpinitsystem:zruxue-z01:zruxue-[FATAL]:COORDINATOR_PORT variable not set Script Exiting!
